[01/12/2023 17:53:40] Info: SourceLanguage set to Teradata based on the appsettings configuration.
[01/12/2023 17:53:40] Info: No path specified for loading additional transformation rules
[01/12/2023 17:53:40] Info: Starting to analyze the input path '/tmp/Repo-17c3d731-d02d-4c05-aeec-e190d1d87586/Sources'...
[01/12/2023 17:53:48] Info: EFProcess 638091428286534612 started
[01/12/2023 17:53:48] Debug: TaskParam TaskProvider = Mobilize.Snow.ConversionTool.Tasks.SnowConvertTaskProvider
[01/12/2023 17:53:48] Debug: TaskParam ConversionBeginTask.Input = /tmp/Repo-17c3d731-d02d-4c05-aeec-e190d1d87586/Sources/input.wsp
[01/12/2023 17:53:48] Debug: TaskParam workingSet = Value is not created.
[01/12/2023 17:53:48] Debug: TaskParam ConversionBeginTask.ItemMedatada = Artinsoft.Common.Store.ItemMetadata
[01/12/2023 17:53:48] Debug: TaskParam ConversionBeginTask.Enabled = True
[01/12/2023 17:53:48] Debug: TaskParam Repository = Value is not created.
[01/12/2023 17:53:48] Debug: TaskParam RepositoryDirectory = /tmp/Repo-17c3d731-d02d-4c05-aeec-e190d1d87586/Target/.mobilize/CommonEF
[01/12/2023 17:53:49] Info: Found 3 Sql files with a total size of 6.05KB
[01/12/2023 17:53:49] Info: Found 0 BTEQ files
[01/12/2023 17:53:49] Info: Found 0 FastLoad files
[01/12/2023 17:53:49] Info: Found 0 MultiLoad files
[01/12/2023 17:53:49] Info: Found 0 TPT files
[01/12/2023 17:53:49] Info: Found 0 TPump files
[01/12/2023 17:53:49] Info: Starting the parsing process of 3 files with 6.05KB of code, this might take a while...
[01/12/2023 17:53:50] Info: Step 1/7 - Loading Code: STARTED
[01/12/2023 17:53:51] Error: There are 10 parsing errors in the file /tmp/Repo-17c3d731-d02d-4c05-aeec-e190d1d87586/Sources/CLI_TSQL/Source_Code.sql
[01/12/2023 17:53:51] Error: Source_Code.sql(4, 4): ** MSC-ERROR - MSCEWI1001 - UNRECOGNIZED TOKEN ON LINE 4 OF THE SOURCE CODE. ** 
[01/12/2023 17:53:51] Error: Source_Code.sql(5, 4): ** MSC-ERROR - MSCEWI1001 - UNRECOGNIZED TOKEN ON LINE 5 OF THE SOURCE CODE. ** 
[01/12/2023 17:53:51] Error: Source_Code.sql(6, 4): ** MSC-ERROR - MSCEWI1001 - UNRECOGNIZED TOKEN ON LINE 6 OF THE SOURCE CODE. ** 
[01/12/2023 17:53:51] Error: Source_Code.sql(7, 4): ** MSC-ERROR - MSCEWI1001 - UNRECOGNIZED TOKEN ON LINE 7 OF THE SOURCE CODE. ** 
[01/12/2023 17:53:51] Error: Source_Code.sql(8, 4): ** MSC-ERROR - MSCEWI1001 - UNRECOGNIZED TOKEN ON LINE 8 OF THE SOURCE CODE. ** 
[01/12/2023 17:53:51] Error: Source_Code.sql(22, 1): ** MSC-ERROR - MSCEWI1001 - UNRECOGNIZED TOKEN ON LINE 22 OF THE SOURCE CODE. ** 
[01/12/2023 17:53:51] Error: Source_Code.sql(28, 1): ** MSC-ERROR - MSCEWI1001 - UNRECOGNIZED TOKEN ON LINE 28 OF THE SOURCE CODE. ** 
[01/12/2023 17:53:51] Error: Source_Code.sql(37, 1): ** MSC-ERROR - MSCEWI1001 - UNRECOGNIZED TOKEN ON LINE 37 OF THE SOURCE CODE. ** 
[01/12/2023 17:53:51] Error: Source_Code.sql(43, 1): ** MSC-ERROR - MSCEWI1001 - UNRECOGNIZED TOKEN ON LINE 43 OF THE SOURCE CODE. ** 
[01/12/2023 17:53:51] Error: Source_Code.sql(54, 1): ** MSC-ERROR - MSCEWI1001 - UNRECOGNIZED TOKEN ON LINE 54 OF THE SOURCE CODE. ** 
[01/12/2023 17:53:51] Error: There are 7 parsing errors in the file /tmp/Repo-17c3d731-d02d-4c05-aeec-e190d1d87586/Sources/CLI_Ora/Source_Code.sql
[01/12/2023 17:53:51] Error: Source_Code.sql(4, 3): ** MSC-ERROR - MSCEWI1001 - UNRECOGNIZED TOKEN ON LINE 4 OF THE SOURCE CODE. ** 
[01/12/2023 17:53:51] Error: Source_Code.sql(28, 1): ** MSC-ERROR - MSCEWI1001 - UNRECOGNIZED TOKEN ON LINE 28 OF THE SOURCE CODE. ** 
[01/12/2023 17:53:51] Error: Source_Code.sql(38, 1): ** MSC-ERROR - MSCEWI1001 - UNRECOGNIZED TOKEN ON LINE 38 OF THE SOURCE CODE. ** 
[01/12/2023 17:53:51] Error: Source_Code.sql(39, 1): ** MSC-ERROR - MSCEWI1001 - UNRECOGNIZED TOKEN ON LINE 39 OF THE SOURCE CODE. ** 
[01/12/2023 17:53:51] Error: Source_Code.sql(45, 1): ** MSC-ERROR - MSCEWI1001 - UNRECOGNIZED TOKEN ON LINE 45 OF THE SOURCE CODE. ** 
[01/12/2023 17:53:51] Error: Source_Code.sql(60, 1): ** MSC-ERROR - MSCEWI1001 - UNRECOGNIZED TOKEN ON LINE 60 OF THE SOURCE CODE. ** 
[01/12/2023 17:53:51] Error: Source_Code.sql(61, 1): ** MSC-ERROR - MSCEWI1001 - UNRECOGNIZED TOKEN ON LINE 61 OF THE SOURCE CODE. ** 
[01/12/2023 17:53:52] Info: Step 1/7 - Loading Code: COMPLETED
[01/12/2023 17:53:52] Debug: TaskParam TaskProvider = Mobilize.Snow.ConversionTool.Tasks.SnowConvertTaskProvider
[01/12/2023 17:53:52] Debug: TaskParam SymbolTableFillingTask.Input = /tmp/Repo-17c3d731-d02d-4c05-aeec-e190d1d87586/Sources/input.wsp
[01/12/2023 17:53:52] Debug: TaskParam workingSet = Artinsoft.Common.Store.RepositoryWorkingSet`2[System.String,Artinsoft.Common.Store.IItemContainer]
[01/12/2023 17:53:52] Debug: TaskParam SymbolTableFillingTask.ItemMedatada = Artinsoft.Common.Store.ItemMetadata
[01/12/2023 17:53:52] Debug: TaskParam SymbolTableFillingTask.Enabled = True
[01/12/2023 17:53:52] Debug: TaskParam Repository = Artinsoft.Common.Store.Repository
[01/12/2023 17:53:52] Debug: TaskParam RepositoryDirectory = /tmp/Repo-17c3d731-d02d-4c05-aeec-e190d1d87586/Target/.mobilize/CommonEF
[01/12/2023 17:53:52] Info: Step 2/7 - Semantic Analysis of Tables: STARTED
[01/12/2023 17:53:52] Info: Step 2/7 - Semantic Analysis of Tables: COMPLETED
[01/12/2023 17:53:52] Debug: TaskParam TaskProvider = Mobilize.Snow.ConversionTool.Tasks.SnowConvertTaskProvider
[01/12/2023 17:53:52] Debug: TaskParam SymbolTableFillingSecondTask.Input = /tmp/Repo-17c3d731-d02d-4c05-aeec-e190d1d87586/Sources/input.wsp
[01/12/2023 17:53:52] Debug: TaskParam workingSet = Artinsoft.Common.Store.RepositoryWorkingSet`2[System.String,Artinsoft.Common.Store.IItemContainer]
[01/12/2023 17:53:52] Debug: TaskParam SymbolTableFillingSecondTask.ItemMedatada = Artinsoft.Common.Store.ItemMetadata
[01/12/2023 17:53:52] Debug: TaskParam SymbolTableFillingSecondTask.Enabled = True
[01/12/2023 17:53:52] Debug: TaskParam Repository = Artinsoft.Common.Store.Repository
[01/12/2023 17:53:52] Debug: TaskParam RepositoryDirectory = /tmp/Repo-17c3d731-d02d-4c05-aeec-e190d1d87586/Target/.mobilize/CommonEF
[01/12/2023 17:53:52] Info: Step 3/7 - Semantic Analysis of Top Level Objects: STARTED
[01/12/2023 17:53:52] Info: Step 3/7 - Semantic Analysis of Top Level Objects: COMPLETED
[01/12/2023 17:53:52] Debug: TaskParam TaskProvider = Mobilize.Snow.ConversionTool.Tasks.SnowConvertTaskProvider
[01/12/2023 17:53:52] Debug: TaskParam DependenciesExtractorTask.Input = /tmp/Repo-17c3d731-d02d-4c05-aeec-e190d1d87586/Sources/input.wsp
[01/12/2023 17:53:52] Debug: TaskParam workingSet = Artinsoft.Common.Store.RepositoryWorkingSet`2[System.String,Artinsoft.Common.Store.IItemContainer]
[01/12/2023 17:53:52] Debug: TaskParam DependenciesExtractorTask.ItemMedatada = Artinsoft.Common.Store.ItemMetadata
[01/12/2023 17:53:52] Debug: TaskParam DependenciesExtractorTask.Enabled = True
[01/12/2023 17:53:52] Debug: TaskParam Repository = Artinsoft.Common.Store.Repository
[01/12/2023 17:53:52] Debug: TaskParam RepositoryDirectory = /tmp/Repo-17c3d731-d02d-4c05-aeec-e190d1d87586/Target/.mobilize/CommonEF
[01/12/2023 17:53:52] Info: Step 4/7 - Analysis of object dependencies: STARTED
[01/12/2023 17:53:52] Info: Step 4/7 - Analysis of object dependencies: COMPLETED
[01/12/2023 17:53:52] Debug: TaskParam TaskProvider = Mobilize.Snow.ConversionTool.Tasks.SnowConvertTaskProvider
[01/12/2023 17:53:52] Debug: TaskParam PreProcessTask.Input = /tmp/Repo-17c3d731-d02d-4c05-aeec-e190d1d87586/Sources/input.wsp
[01/12/2023 17:53:52] Debug: TaskParam workingSet = Artinsoft.Common.Store.RepositoryWorkingSet`2[System.String,Artinsoft.Common.Store.IItemContainer]
[01/12/2023 17:53:52] Debug: TaskParam PreProcessTask.ItemMedatada = Artinsoft.Common.Store.ItemMetadata
[01/12/2023 17:53:52] Debug: TaskParam PreProcessTask.Enabled = True
[01/12/2023 17:53:52] Debug: TaskParam Repository = Artinsoft.Common.Store.Repository
[01/12/2023 17:53:52] Debug: TaskParam RepositoryDirectory = /tmp/Repo-17c3d731-d02d-4c05-aeec-e190d1d87586/Target/.mobilize/CommonEF
[01/12/2023 17:53:52] Info: Step 5/7 - Pre-Processing: STARTED
[01/12/2023 17:53:52] Info: Step 5/7 - Pre-Processing: COMPLETED
[01/12/2023 17:53:52] Debug: TaskParam TaskProvider = Mobilize.Snow.ConversionTool.Tasks.SnowConvertTaskProvider
[01/12/2023 17:53:52] Debug: TaskParam PreConversionAssessmentTask.Input = /tmp/Repo-17c3d731-d02d-4c05-aeec-e190d1d87586/Sources/input.wsp
[01/12/2023 17:53:52] Debug: TaskParam workingSet = Artinsoft.Common.Store.RepositoryWorkingSet`2[System.String,Artinsoft.Common.Store.IItemContainer]
[01/12/2023 17:53:52] Debug: TaskParam PreConversionAssessmentTask.ItemMedatada = Artinsoft.Common.Store.ItemMetadata
[01/12/2023 17:53:52] Debug: TaskParam PreConversionAssessmentTask.Enabled = True
[01/12/2023 17:53:52] Debug: TaskParam Repository = Artinsoft.Common.Store.Repository
[01/12/2023 17:53:52] Debug: TaskParam RepositoryDirectory = /tmp/Repo-17c3d731-d02d-4c05-aeec-e190d1d87586/Target/.mobilize/CommonEF
[01/12/2023 17:53:52] Debug: TaskParam sourceLanguage = Teradata
[01/12/2023 17:53:52] Debug: TaskParam LineageInventory = Mobilize.Snow.Assessment.LineageInventory
[01/12/2023 17:53:52] Debug: TaskParam reportPath = /tmp/Repo-17c3d731-d02d-4c05-aeec-e190d1d87586/Target/Reports
[01/12/2023 17:53:52] Debug: TaskParam SessionTimestamp = 20230112.175340
[01/12/2023 17:53:52] Debug: TaskParam codeModelWriter = Mobilize.Common.AssessmentModel.Writer.CodeModelWriter
[01/12/2023 17:53:52] Debug: TaskParam symbolTableProvider = Mobilize.Snow.Common.SymbolTableProvider
[01/12/2023 17:53:52] Debug: TaskParam ExecuteOracleLineage = False
[01/12/2023 17:53:52] Debug: TaskParam LineageTask.Input = /tmp/Repo-17c3d731-d02d-4c05-aeec-e190d1d87586/Sources/input.wsp
[01/12/2023 17:53:52] Debug: TaskParam workingSet = Artinsoft.Common.Store.RepositoryWorkingSet`2[System.String,Artinsoft.Common.Store.IItemContainer]
[01/12/2023 17:53:52] Debug: TaskParam LineageTask.ItemMedatada = Artinsoft.Common.Store.ItemMetadata
[01/12/2023 17:53:52] Debug: TaskParam LineageTask.Enabled = True
[01/12/2023 17:53:52] Debug: TaskParam Repository = Artinsoft.Common.Store.Repository
[01/12/2023 17:53:52] Debug: TaskParam RepositoryDirectory = /tmp/Repo-17c3d731-d02d-4c05-aeec-e190d1d87586/Target/.mobilize/CommonEF
[01/12/2023 17:53:52] Debug: TaskParam TaskProvider = Mobilize.Snow.ConversionTool.Tasks.SnowConvertTaskProvider
[01/12/2023 17:53:52] Debug: TaskParam TransformationsTask.Input = /tmp/Repo-17c3d731-d02d-4c05-aeec-e190d1d87586/Sources/input.wsp
[01/12/2023 17:53:52] Debug: TaskParam workingSet = Artinsoft.Common.Store.RepositoryWorkingSet`2[System.String,Artinsoft.Common.Store.IItemContainer]
[01/12/2023 17:53:52] Debug: TaskParam TransformationsTask.ItemMedatada = Artinsoft.Common.Store.ItemMetadata
[01/12/2023 17:53:52] Debug: TaskParam TransformationsTask.Enabled = True
[01/12/2023 17:53:52] Debug: TaskParam Repository = Artinsoft.Common.Store.Repository
[01/12/2023 17:53:52] Debug: TaskParam RepositoryDirectory = /tmp/Repo-17c3d731-d02d-4c05-aeec-e190d1d87586/Target/.mobilize/CommonEF
[01/12/2023 17:53:52] Info: Step 6/7 - Conversion Execution: STARTED
[01/12/2023 17:53:52] Info: Start transforming file Source_Code.sql
[01/12/2023 17:53:52] Info: Start transforming file Source_Code.sql
[01/12/2023 17:53:53] Info: Transformed file Source_Code.sql
[01/12/2023 17:53:53] Info: Transformed file Source_Code.sql
[01/12/2023 17:53:53] Info: Start transforming file Source_Code.sql
[01/12/2023 17:53:53] Info: Transformed file Source_Code.sql
[01/12/2023 17:53:53] Info: Step 6/7 - Conversion Execution: COMPLETED
[01/12/2023 17:53:53] Debug: TaskParam coverage = 0
[01/12/2023 17:53:53] Debug: TaskParam SnowScript = False
[01/12/2023 17:53:53] Debug: TaskParam reportPath = /tmp/Repo-17c3d731-d02d-4c05-aeec-e190d1d87586/Target/Reports
[01/12/2023 17:53:53] Debug: TaskParam totalProcessedLOC = 0
[01/12/2023 17:53:53] Debug: TaskParam inputPath = /tmp/Repo-17c3d731-d02d-4c05-aeec-e190d1d87586/Sources
[01/12/2023 17:53:53] Debug: TaskParam SessionTimestamp = 20230112.175340
[01/12/2023 17:53:53] Debug: TaskParam snowConfiguration = Mobilize.BDS.Converter.SnowConvert.Configuration.SnowCodeProcessorConfiguration
[01/12/2023 17:53:53] Debug: TaskParam DashboardMode = False
[01/12/2023 17:53:53] Debug: TaskParam writeResultsProgressDescriptor = Mobilize.Common.Utils.Progress.SingleProgressDescriptor
[01/12/2023 17:53:53] Debug: TaskParam snowExecutionResult = Mobilize.Snow.Assessment.SnowExecutionResult
[01/12/2023 17:53:53] Debug: TaskParam ConversionEndTask.Input = /tmp/Repo-17c3d731-d02d-4c05-aeec-e190d1d87586/Sources/input.wsp
[01/12/2023 17:53:53] Debug: TaskParam workingSet = Artinsoft.Common.Store.RepositoryWorkingSet`2[System.String,Artinsoft.Common.Store.IItemContainer]
[01/12/2023 17:53:53] Debug: TaskParam ConversionEndTask.ItemMedatada = Artinsoft.Common.Store.ItemMetadata
[01/12/2023 17:53:53] Debug: TaskParam ConversionEndTask.Enabled = True
[01/12/2023 17:53:53] Debug: TaskParam Repository = Artinsoft.Common.Store.Repository
[01/12/2023 17:53:53] Debug: TaskParam RepositoryDirectory = /tmp/Repo-17c3d731-d02d-4c05-aeec-e190d1d87586/Target/.mobilize/CommonEF
[01/12/2023 17:53:53] Info: Step 7/7 - Stats and Reports: STARTED
[01/12/2023 17:53:54] Info: 
	==============================================================================
	SnowConvert assessment execution summary
	 - Files: 3
	 - Files Not Generated: 0
	 - Total lines of code: 130
	 - Automatically converted: 47%
	 - Conversion time: 00:00:05
	 - Conversion speed: 24 lines of code per second
	See the report files for more details about the conversion status.
	==============================================================================

[01/12/2023 17:53:54] Info: 
	==============================================================================
	LICENSE
	SnowConvert Tool.
	Production use or redistribution of tool or its output is strictly prohibited.
	Copyright (c) Mobilize.Net Corporation, 2021.
	For more License Terms and Conditions run SnowConvert with --terms.
	==============================================================================

[01/12/2023 17:53:54] Info: Writing the assessment reports
[01/12/2023 17:53:55] Error: Could not process coverage metadata. (null)
[01/12/2023 17:53:55] Debug: Exception for previous error: Object reference not set to an instance of an object.
   at Mobilize.Snow.Metadata.MetadataHelper.FilterMetadataFromDetailsInventoryForFile(DetailsInventory details)
   at Mobilize.Snow.Metadata.MetadataHelper.UpdateCoverageBlob(DetailsInventory details, BlobServiceClient blobServiceClient, String filename, String coverageContainer)
   at Mobilize.Snow.Metadata.MetadataHelper.ProcessCoverageMetadataAsync(DetailsInventory details, IssueInventory issues, SnowConfiguration snowConfiguration)
[01/12/2023 17:53:55] Info: Step 7/7 - Stats and Reports: COMPLETED
[01/12/2023 17:53:55] Info: EFProcess 638091428286534612 ended. Excecution time: 00:00:06.7936624
