[12/20/2022 17:40:13] Debug: Session id: 737d7824-0c23-4a68-8cba-6054adeb858b
[12/20/2022 17:40:13] Debug: Code Processor information: Name :SnowConvert, Version: 11.0.126.0
[12/20/2022 17:40:14] Debug: Getting license
[12/20/2022 17:40:14] Debug: License information
	Status: Failed
	Message: No active license available.
[12/20/2022 17:40:14] Info: Starting to validate parameters
[12/20/2022 17:40:14] Info: Parameters to validate: 
	Execution mode: Conversion
	LICENSE_KEY: a3372138-b87e-4a08-b929-3b48b24c63f1
[12/20/2022 17:40:14] Info: Validation of parameters: Success
[12/20/2022 17:40:14] Debug: Getting code descriptor
[12/20/2022 17:40:14] Debug: Code descriptor information
	Units: 160
	Units type: LOC
	All file bytes: 6193
	All found extensions: .sql,.dml,.ddl,.bteq,.btq,.fl,.fload,.ml,.mload,.mld,.tp,.tpump,.tpt
[12/20/2022 17:40:14] Debug: Calculating fingerprint
[12/20/2022 17:40:14] Debug: Fingerprint information Fingerprint(size=6193,projects=1)
[12/20/2022 17:40:14] Info: Starting to try to validate online license for execution
[12/20/2022 17:40:16] Debug: Getting license
[12/20/2022 17:40:16] Debug: License information
	Status: Failed
	Message: No active license available.
[12/20/2022 17:40:16] Debug: Starting the execution of the controller
[12/20/2022 17:40:17] Debug: Executing the worker: SnowConvert
[12/20/2022 17:40:32] Debug: Finished executing the worker: SnowConvert
[12/20/2022 17:40:34] Info: Controller execution ended
