[10/21/2022 21:55:13] Debug: Session id: 6ce4fdf7-47fc-48f2-9f50-55280b2f77d8
[10/21/2022 21:55:13] Debug: Code Processor information: Name :SnowConvert, Version: 9.2.121.0
[10/21/2022 21:55:14] Debug: Getting license
[10/21/2022 21:55:14] Debug: License information
	Status: Failed
	Message: No active license available.
[10/21/2022 21:55:14] Info: Starting to validate parameters
[10/21/2022 21:55:14] Info: Parameters to validate: 
	Execution mode: Conversion
	LICENSE_KEY: a3372138-b87e-4a08-b929-3b48b24c63f1
[10/21/2022 21:55:14] Info: Validation of parameters: Success
[10/21/2022 21:55:14] Debug: Getting code descriptor
[10/21/2022 21:55:14] Debug: Code descriptor information
	Units: 51
	Units type: LOC
	All file bytes: 2141
	All found extensions: .sql,.dml,.ddl,.bteq,.btq,.fl,.fload,.ml,.mload,.mld,.tp,.tpump,.tpt
[10/21/2022 21:55:14] Debug: Calculating fingerprint
[10/21/2022 21:55:14] Debug: Fingerprint information Fingerprint(size=2141,projects=1)
[10/21/2022 21:55:14] Info: Starting to try to validate online license for execution
[10/21/2022 21:55:16] Debug: Getting license
[10/21/2022 21:55:16] Debug: License information
	Status: Failed
	Message: No active license available.
[10/21/2022 21:55:16] Debug: Starting the execution of the controller
[10/21/2022 21:55:17] Debug: Executing the worker: SnowConvert
[10/21/2022 21:55:31] Debug: Finished executing the worker: SnowConvert
[10/21/2022 21:55:33] Info: Controller execution ended
