[10/12/2022 21:32:13] Debug: Session id: 5643f771-0dce-4cbe-9f70-458b2be8dfd2
[10/12/2022 21:32:13] Debug: Code Processor information: Name :SnowConvert, Version: 9.2.23.0
[10/12/2022 21:32:13] Debug: Getting license
[10/12/2022 21:32:13] Debug: License information
	Status: Failed
	Message: No active license available.
[10/12/2022 21:32:13] Info: Starting to validate parameters
[10/12/2022 21:32:13] Info: Parameters to validate: 
	Execution mode: Conversion
	LICENSE_KEY: a3372138-b87e-4a08-b929-3b48b24c63f1
[10/12/2022 21:32:13] Info: Validation of parameters: Success
[10/12/2022 21:32:13] Debug: Getting code descriptor
[10/12/2022 21:32:13] Debug: Code descriptor information
	Units: 160
	Units type: LOC
	All file bytes: 6193
	All found extensions: .sql,.dml,.ddl,.bteq,.btq,.fl,.fload,.ml,.mload,.mld,.tp,.tpump,.tpt
[10/12/2022 21:32:13] Debug: Calculating fingerprint
[10/12/2022 21:32:13] Debug: Fingerprint information Fingerprint(size=6193,projects=1)
[10/12/2022 21:32:13] Info: Starting to try to validate online license for execution
[10/12/2022 21:32:15] Debug: Getting license
[10/12/2022 21:32:15] Debug: License information
	Status: Failed
	Message: No active license available.
[10/12/2022 21:32:15] Debug: Starting the execution of the controller
[10/12/2022 21:32:16] Debug: Executing the worker: SnowConvert
[10/12/2022 21:32:27] Debug: Finished executing the worker: SnowConvert
[10/12/2022 21:32:29] Info: Controller execution ended
