[02/07/2023 14:07:43] Info: SourceLanguage set to Teradata based on the appsettings configuration.
[02/07/2023 14:07:43] Info: No path specified for loading additional transformation rules
[02/07/2023 14:07:43] Info: Starting to analyze the input path '/tmp/Repo-1ea1809a-923c-4d7c-888e-ea390464ae35/Sources'...
[02/07/2023 14:07:51] Info: EFProcess 638113756713079023 started
[02/07/2023 14:07:51] Debug: TaskParam TaskProvider = Mobilize.Snow.ConversionTool.Tasks.SnowConvertTaskProvider
[02/07/2023 14:07:51] Debug: TaskParam ConversionBeginTask.Input = /tmp/Repo-1ea1809a-923c-4d7c-888e-ea390464ae35/Sources/input.wsp
[02/07/2023 14:07:51] Debug: TaskParam workingSet = Value is not created.
[02/07/2023 14:07:51] Debug: TaskParam ConversionBeginTask.ItemMedatada = Artinsoft.Common.Store.ItemMetadata
[02/07/2023 14:07:51] Debug: TaskParam ConversionBeginTask.Enabled = True
[02/07/2023 14:07:51] Debug: TaskParam Repository = Value is not created.
[02/07/2023 14:07:51] Debug: TaskParam RepositoryDirectory = /tmp/Repo-1ea1809a-923c-4d7c-888e-ea390464ae35/Target/.mobilize/CommonEF
[02/07/2023 14:07:52] Info: Found 1 Sql files with a total size of 2.09KB
[02/07/2023 14:07:52] Info: Found 0 BTEQ files
[02/07/2023 14:07:52] Info: Found 0 FastLoad files
[02/07/2023 14:07:52] Info: Found 0 MultiLoad files
[02/07/2023 14:07:52] Info: Found 0 TPT files
[02/07/2023 14:07:52] Info: Found 0 TPump files
[02/07/2023 14:07:52] Info: Starting the parsing process of 1 file with 2.09KB of code, this might take a while...
[02/07/2023 14:07:52] Info: Step 1/7 - Loading Code: STARTED
[02/07/2023 14:07:53] Info: Step 1/7 - Loading Code: COMPLETED
[02/07/2023 14:07:53] Debug: TaskParam TaskProvider = Mobilize.Snow.ConversionTool.Tasks.SnowConvertTaskProvider
[02/07/2023 14:07:53] Debug: TaskParam SymbolTableFillingTask.Input = /tmp/Repo-1ea1809a-923c-4d7c-888e-ea390464ae35/Sources/input.wsp
[02/07/2023 14:07:53] Debug: TaskParam workingSet = Artinsoft.Common.Store.RepositoryWorkingSet`2[System.String,Artinsoft.Common.Store.IItemContainer]
[02/07/2023 14:07:53] Debug: TaskParam SymbolTableFillingTask.ItemMedatada = Artinsoft.Common.Store.ItemMetadata
[02/07/2023 14:07:53] Debug: TaskParam SymbolTableFillingTask.Enabled = True
[02/07/2023 14:07:53] Debug: TaskParam Repository = Artinsoft.Common.Store.Repository
[02/07/2023 14:07:53] Debug: TaskParam RepositoryDirectory = /tmp/Repo-1ea1809a-923c-4d7c-888e-ea390464ae35/Target/.mobilize/CommonEF
[02/07/2023 14:07:53] Info: Step 2/7 - Semantic Analysis of Tables: STARTED
[02/07/2023 14:07:54] Info: Step 2/7 - Semantic Analysis of Tables: COMPLETED
[02/07/2023 14:07:54] Debug: TaskParam TaskProvider = Mobilize.Snow.ConversionTool.Tasks.SnowConvertTaskProvider
[02/07/2023 14:07:54] Debug: TaskParam SymbolTableFillingSecondTask.Input = /tmp/Repo-1ea1809a-923c-4d7c-888e-ea390464ae35/Sources/input.wsp
[02/07/2023 14:07:54] Debug: TaskParam workingSet = Artinsoft.Common.Store.RepositoryWorkingSet`2[System.String,Artinsoft.Common.Store.IItemContainer]
[02/07/2023 14:07:54] Debug: TaskParam SymbolTableFillingSecondTask.ItemMedatada = Artinsoft.Common.Store.ItemMetadata
[02/07/2023 14:07:54] Debug: TaskParam SymbolTableFillingSecondTask.Enabled = True
[02/07/2023 14:07:54] Debug: TaskParam Repository = Artinsoft.Common.Store.Repository
[02/07/2023 14:07:54] Debug: TaskParam RepositoryDirectory = /tmp/Repo-1ea1809a-923c-4d7c-888e-ea390464ae35/Target/.mobilize/CommonEF
[02/07/2023 14:07:54] Info: Step 3/7 - Semantic Analysis of Top Level Objects: STARTED
[02/07/2023 14:07:54] Info: Step 3/7 - Semantic Analysis of Top Level Objects: COMPLETED
[02/07/2023 14:07:54] Debug: TaskParam TaskProvider = Mobilize.Snow.ConversionTool.Tasks.SnowConvertTaskProvider
[02/07/2023 14:07:54] Debug: TaskParam DependenciesExtractorTask.Input = /tmp/Repo-1ea1809a-923c-4d7c-888e-ea390464ae35/Sources/input.wsp
[02/07/2023 14:07:54] Debug: TaskParam workingSet = Artinsoft.Common.Store.RepositoryWorkingSet`2[System.String,Artinsoft.Common.Store.IItemContainer]
[02/07/2023 14:07:54] Debug: TaskParam DependenciesExtractorTask.ItemMedatada = Artinsoft.Common.Store.ItemMetadata
[02/07/2023 14:07:54] Debug: TaskParam DependenciesExtractorTask.Enabled = True
[02/07/2023 14:07:54] Debug: TaskParam Repository = Artinsoft.Common.Store.Repository
[02/07/2023 14:07:54] Debug: TaskParam RepositoryDirectory = /tmp/Repo-1ea1809a-923c-4d7c-888e-ea390464ae35/Target/.mobilize/CommonEF
[02/07/2023 14:07:54] Info: Step 4/7 - Analysis of object dependencies: STARTED
[02/07/2023 14:07:54] Info: Step 4/7 - Analysis of object dependencies: COMPLETED
[02/07/2023 14:07:54] Debug: TaskParam TaskProvider = Mobilize.Snow.ConversionTool.Tasks.SnowConvertTaskProvider
[02/07/2023 14:07:54] Debug: TaskParam PreProcessTask.Input = /tmp/Repo-1ea1809a-923c-4d7c-888e-ea390464ae35/Sources/input.wsp
[02/07/2023 14:07:54] Debug: TaskParam workingSet = Artinsoft.Common.Store.RepositoryWorkingSet`2[System.String,Artinsoft.Common.Store.IItemContainer]
[02/07/2023 14:07:54] Debug: TaskParam PreProcessTask.ItemMedatada = Artinsoft.Common.Store.ItemMetadata
[02/07/2023 14:07:54] Debug: TaskParam PreProcessTask.Enabled = True
[02/07/2023 14:07:54] Debug: TaskParam Repository = Artinsoft.Common.Store.Repository
[02/07/2023 14:07:54] Debug: TaskParam RepositoryDirectory = /tmp/Repo-1ea1809a-923c-4d7c-888e-ea390464ae35/Target/.mobilize/CommonEF
[02/07/2023 14:07:54] Info: Step 5/7 - Pre-Processing: STARTED
[02/07/2023 14:07:54] Info: Step 5/7 - Pre-Processing: COMPLETED
[02/07/2023 14:07:54] Debug: TaskParam TaskProvider = Mobilize.Snow.ConversionTool.Tasks.SnowConvertTaskProvider
[02/07/2023 14:07:54] Debug: TaskParam PreConversionAssessmentTask.Input = /tmp/Repo-1ea1809a-923c-4d7c-888e-ea390464ae35/Sources/input.wsp
[02/07/2023 14:07:54] Debug: TaskParam workingSet = Artinsoft.Common.Store.RepositoryWorkingSet`2[System.String,Artinsoft.Common.Store.IItemContainer]
[02/07/2023 14:07:54] Debug: TaskParam PreConversionAssessmentTask.ItemMedatada = Artinsoft.Common.Store.ItemMetadata
[02/07/2023 14:07:54] Debug: TaskParam PreConversionAssessmentTask.Enabled = True
[02/07/2023 14:07:54] Debug: TaskParam Repository = Artinsoft.Common.Store.Repository
[02/07/2023 14:07:54] Debug: TaskParam RepositoryDirectory = /tmp/Repo-1ea1809a-923c-4d7c-888e-ea390464ae35/Target/.mobilize/CommonEF
[02/07/2023 14:07:54] Debug: TaskParam sourceLanguage = Teradata
[02/07/2023 14:07:54] Debug: TaskParam LineageInventory = Mobilize.Snow.Assessment.LineageInventory
[02/07/2023 14:07:54] Debug: TaskParam reportPath = /tmp/Repo-1ea1809a-923c-4d7c-888e-ea390464ae35/Target/Reports
[02/07/2023 14:07:54] Debug: TaskParam SessionTimestamp = 20230207.140743
[02/07/2023 14:07:54] Debug: TaskParam codeModelWriter = Mobilize.Common.AssessmentModel.Writer.CodeModelWriter
[02/07/2023 14:07:54] Debug: TaskParam symbolTableProvider = Mobilize.Snow.Common.SymbolTableProvider
[02/07/2023 14:07:54] Debug: TaskParam ExecuteOracleLineage = False
[02/07/2023 14:07:54] Debug: TaskParam LineageTask.Input = /tmp/Repo-1ea1809a-923c-4d7c-888e-ea390464ae35/Sources/input.wsp
[02/07/2023 14:07:54] Debug: TaskParam workingSet = Artinsoft.Common.Store.RepositoryWorkingSet`2[System.String,Artinsoft.Common.Store.IItemContainer]
[02/07/2023 14:07:54] Debug: TaskParam LineageTask.ItemMedatada = Artinsoft.Common.Store.ItemMetadata
[02/07/2023 14:07:54] Debug: TaskParam LineageTask.Enabled = True
[02/07/2023 14:07:54] Debug: TaskParam Repository = Artinsoft.Common.Store.Repository
[02/07/2023 14:07:54] Debug: TaskParam RepositoryDirectory = /tmp/Repo-1ea1809a-923c-4d7c-888e-ea390464ae35/Target/.mobilize/CommonEF
[02/07/2023 14:07:54] Debug: TaskParam TaskProvider = Mobilize.Snow.ConversionTool.Tasks.SnowConvertTaskProvider
[02/07/2023 14:07:54] Debug: TaskParam TransformationsTask.Input = /tmp/Repo-1ea1809a-923c-4d7c-888e-ea390464ae35/Sources/input.wsp
[02/07/2023 14:07:54] Debug: TaskParam workingSet = Artinsoft.Common.Store.RepositoryWorkingSet`2[System.String,Artinsoft.Common.Store.IItemContainer]
[02/07/2023 14:07:54] Debug: TaskParam TransformationsTask.ItemMedatada = Artinsoft.Common.Store.ItemMetadata
[02/07/2023 14:07:54] Debug: TaskParam TransformationsTask.Enabled = True
[02/07/2023 14:07:54] Debug: TaskParam Repository = Artinsoft.Common.Store.Repository
[02/07/2023 14:07:54] Debug: TaskParam RepositoryDirectory = /tmp/Repo-1ea1809a-923c-4d7c-888e-ea390464ae35/Target/.mobilize/CommonEF
[02/07/2023 14:07:54] Info: Step 6/7 - Conversion Execution: STARTED
[02/07/2023 14:07:54] Info: Start transforming file Source_Code.sql
[02/07/2023 14:07:55] Info: Transformed file Source_Code.sql
[02/07/2023 14:07:55] Info: Step 6/7 - Conversion Execution: COMPLETED
[02/07/2023 14:07:55] Debug: TaskParam coverage = 0
[02/07/2023 14:07:55] Debug: TaskParam SnowScript = False
[02/07/2023 14:07:55] Debug: TaskParam reportPath = /tmp/Repo-1ea1809a-923c-4d7c-888e-ea390464ae35/Target/Reports
[02/07/2023 14:07:55] Debug: TaskParam totalProcessedLOC = 0
[02/07/2023 14:07:55] Debug: TaskParam inputPath = /tmp/Repo-1ea1809a-923c-4d7c-888e-ea390464ae35/Sources
[02/07/2023 14:07:55] Debug: TaskParam SessionTimestamp = 20230207.140743
[02/07/2023 14:07:55] Debug: TaskParam snowConfiguration = Mobilize.BDS.Converter.SnowConvert.Configuration.SnowCodeProcessorConfiguration
[02/07/2023 14:07:55] Debug: TaskParam DashboardMode = False
[02/07/2023 14:07:55] Debug: TaskParam writeResultsProgressDescriptor = Mobilize.Common.Utils.Progress.SingleProgressDescriptor
[02/07/2023 14:07:55] Debug: TaskParam snowExecutionResult = Mobilize.Snow.Assessment.SnowExecutionResult
[02/07/2023 14:07:55] Debug: TaskParam ConversionEndTask.Input = /tmp/Repo-1ea1809a-923c-4d7c-888e-ea390464ae35/Sources/input.wsp
[02/07/2023 14:07:55] Debug: TaskParam workingSet = Artinsoft.Common.Store.RepositoryWorkingSet`2[System.String,Artinsoft.Common.Store.IItemContainer]
[02/07/2023 14:07:55] Debug: TaskParam ConversionEndTask.ItemMedatada = Artinsoft.Common.Store.ItemMetadata
[02/07/2023 14:07:55] Debug: TaskParam ConversionEndTask.Enabled = True
[02/07/2023 14:07:55] Debug: TaskParam Repository = Artinsoft.Common.Store.Repository
[02/07/2023 14:07:55] Debug: TaskParam RepositoryDirectory = /tmp/Repo-1ea1809a-923c-4d7c-888e-ea390464ae35/Target/.mobilize/CommonEF
[02/07/2023 14:07:55] Info: Step 7/7 - Stats and Reports: STARTED
[02/07/2023 14:07:55] Info: 
	==============================================================================
	SnowConvert assessment execution summary
	 - Files: 1
	 - Files Not Generated: 0
	 - Total lines of code: 41
	 - Automatically converted: 95%
	 - Conversion time: 00:00:03
	 - Conversion speed: 10 lines of code per second
	See the report files for more details about the conversion status.
	==============================================================================

[02/07/2023 14:07:55] Info: 
	==============================================================================
	LICENSE
	SnowConvert Tool.
	Production use or redistribution of tool or its output is strictly prohibited.
	Copyright (c) Mobilize.Net Corporation, 2021.
	For more License Terms and Conditions run SnowConvert with --terms.
	==============================================================================

[02/07/2023 14:07:55] Info: Writing the assessment reports
[02/07/2023 14:07:56] Info: Step 7/7 - Stats and Reports: COMPLETED
[02/07/2023 14:07:56] Info: EFProcess 638113756713079023 ended. Excecution time: 00:00:05.2218035
