[02/13/2023 21:52:42] Info: SourceLanguage set to Teradata based on the appsettings configuration.
[02/13/2023 21:52:42] Info: No path specified for loading additional transformation rules
[02/13/2023 21:52:42] Info: Starting to analyze the input path '/tmp/Repo-fa9ce7c9-093b-4bad-9a37-d991510084cf/Sources'...
[02/13/2023 21:52:50] Info: EFProcess 638119219704697574 started
[02/13/2023 21:52:50] Debug: TaskParam TaskProvider = Mobilize.Snow.ConversionTool.Tasks.SnowConvertTaskProvider
[02/13/2023 21:52:50] Debug: TaskParam ConversionBeginTask.Input = /tmp/Repo-fa9ce7c9-093b-4bad-9a37-d991510084cf/Sources/input.wsp
[02/13/2023 21:52:50] Debug: TaskParam workingSet = Value is not created.
[02/13/2023 21:52:50] Debug: TaskParam ConversionBeginTask.ItemMedatada = Artinsoft.Common.Store.ItemMetadata
[02/13/2023 21:52:50] Debug: TaskParam ConversionBeginTask.Enabled = True
[02/13/2023 21:52:50] Debug: TaskParam Repository = Value is not created.
[02/13/2023 21:52:50] Debug: TaskParam RepositoryDirectory = /tmp/Output-fa9ce7c9-093b-4bad-9a37-d991510084cf/.mobilize/CommonEF
[02/13/2023 21:52:51] Info: Found 3 Sql files with a total size of 6.05KB
[02/13/2023 21:52:51] Info: Found 0 BTEQ files
[02/13/2023 21:52:51] Info: Found 0 FastLoad files
[02/13/2023 21:52:51] Info: Found 0 MultiLoad files
[02/13/2023 21:52:51] Info: Found 0 TPT files
[02/13/2023 21:52:51] Info: Found 0 TPump files
[02/13/2023 21:52:51] Info: Starting the parsing process of 3 files with 6.05KB of code, this might take a while...
[02/13/2023 21:52:51] Info: Step 1/7 - Loading Code: STARTED
[02/13/2023 21:52:52] Error: There are 10 parsing errors in the file /tmp/Repo-fa9ce7c9-093b-4bad-9a37-d991510084cf/Sources/CLI_TSQL/Source_Code.sql
[02/13/2023 21:52:52] Error: Source_Code.sql(4, 4): ** MSC-ERROR - MSCEWI1001 - UNRECOGNIZED TOKEN ON LINE 4 OF THE SOURCE CODE. ** 
[02/13/2023 21:52:52] Error: Source_Code.sql(5, 4): ** MSC-ERROR - MSCEWI1001 - UNRECOGNIZED TOKEN ON LINE 5 OF THE SOURCE CODE. ** 
[02/13/2023 21:52:52] Error: Source_Code.sql(6, 4): ** MSC-ERROR - MSCEWI1001 - UNRECOGNIZED TOKEN ON LINE 6 OF THE SOURCE CODE. ** 
[02/13/2023 21:52:52] Error: Source_Code.sql(7, 4): ** MSC-ERROR - MSCEWI1001 - UNRECOGNIZED TOKEN ON LINE 7 OF THE SOURCE CODE. ** 
[02/13/2023 21:52:52] Error: Source_Code.sql(8, 4): ** MSC-ERROR - MSCEWI1001 - UNRECOGNIZED TOKEN ON LINE 8 OF THE SOURCE CODE. ** 
[02/13/2023 21:52:52] Error: Source_Code.sql(22, 1): ** MSC-ERROR - MSCEWI1001 - UNRECOGNIZED TOKEN ON LINE 22 OF THE SOURCE CODE. ** 
[02/13/2023 21:52:52] Error: Source_Code.sql(28, 1): ** MSC-ERROR - MSCEWI1001 - UNRECOGNIZED TOKEN ON LINE 28 OF THE SOURCE CODE. ** 
[02/13/2023 21:52:52] Error: Source_Code.sql(37, 1): ** MSC-ERROR - MSCEWI1001 - UNRECOGNIZED TOKEN ON LINE 37 OF THE SOURCE CODE. ** 
[02/13/2023 21:52:52] Error: Source_Code.sql(43, 1): ** MSC-ERROR - MSCEWI1001 - UNRECOGNIZED TOKEN ON LINE 43 OF THE SOURCE CODE. ** 
[02/13/2023 21:52:52] Error: Source_Code.sql(54, 1): ** MSC-ERROR - MSCEWI1001 - UNRECOGNIZED TOKEN ON LINE 54 OF THE SOURCE CODE. ** 
[02/13/2023 21:52:52] Error: There are 7 parsing errors in the file /tmp/Repo-fa9ce7c9-093b-4bad-9a37-d991510084cf/Sources/CLI_Ora/Source_Code.sql
[02/13/2023 21:52:52] Error: Source_Code.sql(4, 3): ** MSC-ERROR - MSCEWI1001 - UNRECOGNIZED TOKEN ON LINE 4 OF THE SOURCE CODE. ** 
[02/13/2023 21:52:52] Error: Source_Code.sql(28, 1): ** MSC-ERROR - MSCEWI1001 - UNRECOGNIZED TOKEN ON LINE 28 OF THE SOURCE CODE. ** 
[02/13/2023 21:52:52] Error: Source_Code.sql(38, 1): ** MSC-ERROR - MSCEWI1001 - UNRECOGNIZED TOKEN ON LINE 38 OF THE SOURCE CODE. ** 
[02/13/2023 21:52:52] Error: Source_Code.sql(39, 1): ** MSC-ERROR - MSCEWI1001 - UNRECOGNIZED TOKEN ON LINE 39 OF THE SOURCE CODE. ** 
[02/13/2023 21:52:52] Error: Source_Code.sql(45, 1): ** MSC-ERROR - MSCEWI1001 - UNRECOGNIZED TOKEN ON LINE 45 OF THE SOURCE CODE. ** 
[02/13/2023 21:52:52] Error: Source_Code.sql(60, 1): ** MSC-ERROR - MSCEWI1001 - UNRECOGNIZED TOKEN ON LINE 60 OF THE SOURCE CODE. ** 
[02/13/2023 21:52:52] Error: Source_Code.sql(61, 1): ** MSC-ERROR - MSCEWI1001 - UNRECOGNIZED TOKEN ON LINE 61 OF THE SOURCE CODE. ** 
[02/13/2023 21:52:53] Info: Step 1/7 - Loading Code: COMPLETED
[02/13/2023 21:52:53] Debug: TaskParam TaskProvider = Mobilize.Snow.ConversionTool.Tasks.SnowConvertTaskProvider
[02/13/2023 21:52:53] Debug: TaskParam SymbolTableFillingTask.Input = /tmp/Repo-fa9ce7c9-093b-4bad-9a37-d991510084cf/Sources/input.wsp
[02/13/2023 21:52:53] Debug: TaskParam workingSet = Artinsoft.Common.Store.RepositoryWorkingSet`2[System.String,Artinsoft.Common.Store.IItemContainer]
[02/13/2023 21:52:53] Debug: TaskParam SymbolTableFillingTask.ItemMedatada = Artinsoft.Common.Store.ItemMetadata
[02/13/2023 21:52:53] Debug: TaskParam SymbolTableFillingTask.Enabled = True
[02/13/2023 21:52:53] Debug: TaskParam Repository = Artinsoft.Common.Store.Repository
[02/13/2023 21:52:53] Debug: TaskParam RepositoryDirectory = /tmp/Output-fa9ce7c9-093b-4bad-9a37-d991510084cf/.mobilize/CommonEF
[02/13/2023 21:52:53] Info: Step 2/7 - Semantic Analysis of Tables: STARTED
[02/13/2023 21:52:53] Info: Step 2/7 - Semantic Analysis of Tables: COMPLETED
[02/13/2023 21:52:53] Debug: TaskParam TaskProvider = Mobilize.Snow.ConversionTool.Tasks.SnowConvertTaskProvider
[02/13/2023 21:52:53] Debug: TaskParam SymbolTableFillingSecondTask.Input = /tmp/Repo-fa9ce7c9-093b-4bad-9a37-d991510084cf/Sources/input.wsp
[02/13/2023 21:52:53] Debug: TaskParam workingSet = Artinsoft.Common.Store.RepositoryWorkingSet`2[System.String,Artinsoft.Common.Store.IItemContainer]
[02/13/2023 21:52:53] Debug: TaskParam SymbolTableFillingSecondTask.ItemMedatada = Artinsoft.Common.Store.ItemMetadata
[02/13/2023 21:52:53] Debug: TaskParam SymbolTableFillingSecondTask.Enabled = True
[02/13/2023 21:52:53] Debug: TaskParam Repository = Artinsoft.Common.Store.Repository
[02/13/2023 21:52:53] Debug: TaskParam RepositoryDirectory = /tmp/Output-fa9ce7c9-093b-4bad-9a37-d991510084cf/.mobilize/CommonEF
[02/13/2023 21:52:53] Info: Step 3/7 - Semantic Analysis of Top Level Objects: STARTED
[02/13/2023 21:52:53] Info: Step 3/7 - Semantic Analysis of Top Level Objects: COMPLETED
[02/13/2023 21:52:53] Debug: TaskParam TaskProvider = Mobilize.Snow.ConversionTool.Tasks.SnowConvertTaskProvider
[02/13/2023 21:52:53] Debug: TaskParam DependenciesExtractorTask.Input = /tmp/Repo-fa9ce7c9-093b-4bad-9a37-d991510084cf/Sources/input.wsp
[02/13/2023 21:52:53] Debug: TaskParam workingSet = Artinsoft.Common.Store.RepositoryWorkingSet`2[System.String,Artinsoft.Common.Store.IItemContainer]
[02/13/2023 21:52:53] Debug: TaskParam DependenciesExtractorTask.ItemMedatada = Artinsoft.Common.Store.ItemMetadata
[02/13/2023 21:52:53] Debug: TaskParam DependenciesExtractorTask.Enabled = True
[02/13/2023 21:52:53] Debug: TaskParam Repository = Artinsoft.Common.Store.Repository
[02/13/2023 21:52:53] Debug: TaskParam RepositoryDirectory = /tmp/Output-fa9ce7c9-093b-4bad-9a37-d991510084cf/.mobilize/CommonEF
[02/13/2023 21:52:53] Info: Step 4/7 - Analysis of object dependencies: STARTED
[02/13/2023 21:52:53] Info: Step 4/7 - Analysis of object dependencies: COMPLETED
[02/13/2023 21:52:53] Debug: TaskParam TaskProvider = Mobilize.Snow.ConversionTool.Tasks.SnowConvertTaskProvider
[02/13/2023 21:52:53] Debug: TaskParam PreProcessTask.Input = /tmp/Repo-fa9ce7c9-093b-4bad-9a37-d991510084cf/Sources/input.wsp
[02/13/2023 21:52:53] Debug: TaskParam workingSet = Artinsoft.Common.Store.RepositoryWorkingSet`2[System.String,Artinsoft.Common.Store.IItemContainer]
[02/13/2023 21:52:53] Debug: TaskParam PreProcessTask.ItemMedatada = Artinsoft.Common.Store.ItemMetadata
[02/13/2023 21:52:53] Debug: TaskParam PreProcessTask.Enabled = True
[02/13/2023 21:52:53] Debug: TaskParam Repository = Artinsoft.Common.Store.Repository
[02/13/2023 21:52:53] Debug: TaskParam RepositoryDirectory = /tmp/Output-fa9ce7c9-093b-4bad-9a37-d991510084cf/.mobilize/CommonEF
[02/13/2023 21:52:53] Info: Step 5/7 - Pre-Processing: STARTED
[02/13/2023 21:52:53] Info: Step 5/7 - Pre-Processing: COMPLETED
[02/13/2023 21:52:53] Debug: TaskParam TaskProvider = Mobilize.Snow.ConversionTool.Tasks.SnowConvertTaskProvider
[02/13/2023 21:52:53] Debug: TaskParam PreConversionAssessmentTask.Input = /tmp/Repo-fa9ce7c9-093b-4bad-9a37-d991510084cf/Sources/input.wsp
[02/13/2023 21:52:53] Debug: TaskParam workingSet = Artinsoft.Common.Store.RepositoryWorkingSet`2[System.String,Artinsoft.Common.Store.IItemContainer]
[02/13/2023 21:52:53] Debug: TaskParam PreConversionAssessmentTask.ItemMedatada = Artinsoft.Common.Store.ItemMetadata
[02/13/2023 21:52:53] Debug: TaskParam PreConversionAssessmentTask.Enabled = True
[02/13/2023 21:52:53] Debug: TaskParam Repository = Artinsoft.Common.Store.Repository
[02/13/2023 21:52:53] Debug: TaskParam RepositoryDirectory = /tmp/Output-fa9ce7c9-093b-4bad-9a37-d991510084cf/.mobilize/CommonEF
[02/13/2023 21:52:53] Info: Step 5.1/7 - Pre-Conversion Assessment: STARTED
[02/13/2023 21:52:53] Info: Step 5.1/7 - Pre-Conversion Assessment: COMPLETED
[02/13/2023 21:52:53] Debug: TaskParam sourceLanguage = Teradata
[02/13/2023 21:52:53] Debug: TaskParam LineageInventory = Mobilize.Snow.Assessment.LineageInventory
[02/13/2023 21:52:53] Debug: TaskParam reportPath = /tmp/Output-fa9ce7c9-093b-4bad-9a37-d991510084cf/Reports
[02/13/2023 21:52:53] Debug: TaskParam SessionTimestamp = 20230213.215242
[02/13/2023 21:52:53] Debug: TaskParam codeModelWriter = Mobilize.Common.AssessmentModel.Writer.CodeModelWriter
[02/13/2023 21:52:53] Debug: TaskParam symbolTableProvider = Mobilize.Snow.Common.SymbolTableProvider
[02/13/2023 21:52:53] Debug: TaskParam ExecuteOracleLineage = False
[02/13/2023 21:52:53] Debug: TaskParam LineageTask.Input = /tmp/Repo-fa9ce7c9-093b-4bad-9a37-d991510084cf/Sources/input.wsp
[02/13/2023 21:52:53] Debug: TaskParam workingSet = Artinsoft.Common.Store.RepositoryWorkingSet`2[System.String,Artinsoft.Common.Store.IItemContainer]
[02/13/2023 21:52:53] Debug: TaskParam LineageTask.ItemMedatada = Artinsoft.Common.Store.ItemMetadata
[02/13/2023 21:52:53] Debug: TaskParam LineageTask.Enabled = True
[02/13/2023 21:52:53] Debug: TaskParam Repository = Artinsoft.Common.Store.Repository
[02/13/2023 21:52:53] Debug: TaskParam RepositoryDirectory = /tmp/Output-fa9ce7c9-093b-4bad-9a37-d991510084cf/.mobilize/CommonEF
[02/13/2023 21:52:53] Debug: TaskParam TaskProvider = Mobilize.Snow.ConversionTool.Tasks.SnowConvertTaskProvider
[02/13/2023 21:52:53] Debug: TaskParam TransformationsTask.Input = /tmp/Repo-fa9ce7c9-093b-4bad-9a37-d991510084cf/Sources/input.wsp
[02/13/2023 21:52:53] Debug: TaskParam workingSet = Artinsoft.Common.Store.RepositoryWorkingSet`2[System.String,Artinsoft.Common.Store.IItemContainer]
[02/13/2023 21:52:53] Debug: TaskParam TransformationsTask.ItemMedatada = Artinsoft.Common.Store.ItemMetadata
[02/13/2023 21:52:53] Debug: TaskParam TransformationsTask.Enabled = True
[02/13/2023 21:52:53] Debug: TaskParam Repository = Artinsoft.Common.Store.Repository
[02/13/2023 21:52:53] Debug: TaskParam RepositoryDirectory = /tmp/Output-fa9ce7c9-093b-4bad-9a37-d991510084cf/.mobilize/CommonEF
[02/13/2023 21:52:53] Info: Step 6/7 - Conversion Execution: STARTED
[02/13/2023 21:52:53] Info: Start transforming file Source_Code.sql
[02/13/2023 21:52:53] Info: Start transforming file Source_Code.sql
[02/13/2023 21:52:54] Info: Transformed file Source_Code.sql
[02/13/2023 21:52:54] Info: Start transforming file Source_Code.sql
[02/13/2023 21:52:54] Info: Transformed file Source_Code.sql
[02/13/2023 21:52:54] Info: Transformed file Source_Code.sql
[02/13/2023 21:52:54] Info: Step 6/7 - Conversion Execution: COMPLETED
[02/13/2023 21:52:54] Debug: TaskParam coverage = 0
[02/13/2023 21:52:54] Debug: TaskParam SnowScript = False
[02/13/2023 21:52:54] Debug: TaskParam reportPath = /tmp/Output-fa9ce7c9-093b-4bad-9a37-d991510084cf/Reports
[02/13/2023 21:52:54] Debug: TaskParam totalProcessedLOC = 0
[02/13/2023 21:52:54] Debug: TaskParam inputPath = /tmp/Repo-fa9ce7c9-093b-4bad-9a37-d991510084cf/Sources
[02/13/2023 21:52:54] Debug: TaskParam outputPath = /tmp/Output-fa9ce7c9-093b-4bad-9a37-d991510084cf/Output
[02/13/2023 21:52:54] Debug: TaskParam SessionTimestamp = 20230213.215242
[02/13/2023 21:52:54] Debug: TaskParam snowConfiguration = Mobilize.BDS.Converter.SnowConvert.Configuration.SnowCodeProcessorConfiguration
[02/13/2023 21:52:54] Debug: TaskParam DashboardMode = False
[02/13/2023 21:52:54] Debug: TaskParam writeResultsProgressDescriptor = Mobilize.Common.Utils.Progress.SingleProgressDescriptor
[02/13/2023 21:52:54] Debug: TaskParam snowExecutionResult = Mobilize.Snow.Assessment.SnowExecutionResult
[02/13/2023 21:52:54] Debug: TaskParam ConversionEndTask.Input = /tmp/Repo-fa9ce7c9-093b-4bad-9a37-d991510084cf/Sources/input.wsp
[02/13/2023 21:52:54] Debug: TaskParam workingSet = Artinsoft.Common.Store.RepositoryWorkingSet`2[System.String,Artinsoft.Common.Store.IItemContainer]
[02/13/2023 21:52:54] Debug: TaskParam ConversionEndTask.ItemMedatada = Artinsoft.Common.Store.ItemMetadata
[02/13/2023 21:52:54] Debug: TaskParam ConversionEndTask.Enabled = True
[02/13/2023 21:52:54] Debug: TaskParam Repository = Artinsoft.Common.Store.Repository
[02/13/2023 21:52:54] Debug: TaskParam RepositoryDirectory = /tmp/Output-fa9ce7c9-093b-4bad-9a37-d991510084cf/.mobilize/CommonEF
[02/13/2023 21:52:54] Info: EFProcess 638119219704697574 ended. Excecution time: 00:00:03.7037258
[02/13/2023 21:52:54] Info: STARTED Step 7/7: Stats and Reports
[02/13/2023 21:52:54] Info: Writing the conversion summary report
[02/13/2023 21:52:55] Info: Writing the Assessment report
[02/13/2023 21:52:55] Info: Writing the html assessment report
[02/13/2023 21:52:55] Info: Writing the Issues report
[02/13/2023 21:52:55] Info: Writing the top level objects report
[02/13/2023 21:52:55] Info: Writing the top level queries report
[02/13/2023 21:52:55] Info: Uploading metadata
[02/13/2023 21:52:55] Info: COMPLETED Step 7/7: Stats and Reports
[02/13/2023 21:52:55] Info: 
	==============================================================================
	SnowConvert assessment execution summary
	 - Files: 3
	 - Files Not Generated: 0
	 - Total lines of code: 160
	 - Automatically converted: 70.1%
	 - Conversion time: 00:00:03
	 - Conversion speed: 40 lines of code per second
	See the report files for more details about the conversion status.
	==============================================================================

[02/13/2023 21:52:55] Info: 
	==============================================================================
	LICENSE
	SnowConvert Tool.
	Production use or redistribution of tool or its output is strictly prohibited.
	Copyright (c) Mobilize.Net Corporation, 2021.
	For more License Terms and Conditions run SnowConvert with --terms.
	==============================================================================

