[02/07/2023 14:04:03] Debug: Session id: 5c38896f-ceb9-4591-9f29-ae49d54f74af
[02/07/2023 14:04:03] Debug: Code Processor information: Name :SnowConvert, Version: 13.0.110.0
[02/07/2023 14:04:05] Debug: Getting license
[02/07/2023 14:04:05] Debug: License information
	Status: Failed
	Message: No active license available.
[02/07/2023 14:04:05] Info: Starting to validate parameters
[02/07/2023 14:04:05] Info: Parameters to validate: 
	Execution mode: Conversion
	LICENSE_KEY: a3372138-b87e-4a08-b929-3b48b24c63f1
[02/07/2023 14:04:05] Info: Validation of parameters: Success
[02/07/2023 14:04:05] Debug: Getting code descriptor
[02/07/2023 14:04:05] Debug: Code descriptor information
	Units: 51
	Units type: LOC
	All file bytes: 2141
	All found extensions: .sql,.dml,.ddl,.bteq,.btq,.fl,.fload,.ml,.mload,.mld,.tp,.tpump,.tpt
[02/07/2023 14:04:05] Debug: Calculating fingerprint
[02/07/2023 14:04:05] Debug: Fingerprint information Fingerprint(size=2141,projects=1)
[02/07/2023 14:04:05] Info: Starting to try to validate online license for execution
[02/07/2023 14:04:06] Debug: Getting license
[02/07/2023 14:04:06] Debug: License information
	Status: Failed
	Message: No active license available.
[02/07/2023 14:04:06] Debug: Starting the execution of the controller
[02/07/2023 14:04:07] Debug: Executing the worker: SnowConvert
[02/07/2023 14:04:21] Debug: Finished executing the worker: SnowConvert
[02/07/2023 14:04:23] Info: Controller execution ended
