[12/20/2022 17:40:17] Info: SourceLanguage set to Teradata based on the appsettings configuration.
[12/20/2022 17:40:17] Info: No path specified for loading additional transformation rules
[12/20/2022 17:40:17] Info: Starting to analyze the input path '/tmp/Repo-3919d0f6-9121-4d99-8a9a-e9a5faa0618d/Sources'...
[12/20/2022 17:40:24] Info: EFProcess 638071548246551261 started
[12/20/2022 17:40:24] Debug: TaskParam transformationVisitors = Value is not created.
[12/20/2022 17:40:24] Debug: TaskParam issueInventory = Value is not created.
[12/20/2022 17:40:24] Debug: TaskParam assessmentSummaryInventory = Value is not created.
[12/20/2022 17:40:24] Debug: TaskParam sourceLanguage = Teradata
[12/20/2022 17:40:24] Debug: TaskParam parsingProgressDescriptor = Mobilize.Common.Utils.Progress.SingleProgressDescriptor
[12/20/2022 17:40:24] Debug: TaskParam processingProgressDescriptor = Mobilize.Common.Utils.Progress.SingleProgressDescriptor
[12/20/2022 17:40:24] Debug: TaskParam symbolTableProvider = Value is not created.
[12/20/2022 17:40:24] Debug: TaskParam assessmentEwiCalculator = Value is not created.
[12/20/2022 17:40:24] Debug: TaskParam locationService = Value is not created.
[12/20/2022 17:40:24] Debug: TaskParam parsingErrorMessageCustomizer = Value is not created.
[12/20/2022 17:40:24] Debug: TaskParam ewiFormatter = Value is not created.
[12/20/2022 17:40:24] Debug: TaskParam ewiInformation = Value is not created.
[12/20/2022 17:40:24] Debug: TaskParam assessmentSetup = Value is not created.
[12/20/2022 17:40:24] Debug: TaskParam assessmentConfiguration = Value is not created.
[12/20/2022 17:40:24] Debug: TaskParam assessmentOverallCalculator = Value is not created.
[12/20/2022 17:40:24] Debug: TaskParam assessmentFileCalculator = Value is not created.
[12/20/2022 17:40:24] Debug: TaskParam assessmentExtensibilityCalculator = Value is not created.
[12/20/2022 17:40:24] Debug: TaskParam taskExecutionHandler = Value is not created.
[12/20/2022 17:40:24] Debug: TaskParam taskTimeCalculator = Value is not created.
[12/20/2022 17:40:24] Debug: TaskParam ConversionBeginTask.Input = /tmp/Repo-3919d0f6-9121-4d99-8a9a-e9a5faa0618d/Sources/input.wsp
[12/20/2022 17:40:24] Debug: TaskParam workingSet = Value is not created.
[12/20/2022 17:40:24] Debug: TaskParam ConversionBeginTask.ItemMedatada = Artinsoft.Common.Store.ItemMetadata
[12/20/2022 17:40:24] Debug: TaskParam ConversionBeginTask.Enabled = True
[12/20/2022 17:40:24] Debug: TaskParam Repository = Value is not created.
[12/20/2022 17:40:24] Debug: TaskParam RepositoryDirectory = /tmp/Output-3919d0f6-9121-4d99-8a9a-e9a5faa0618d/.mobilize/CommonEF
[12/20/2022 17:40:24] Info: Found 3 Sql files with a total size of 6.05KB
[12/20/2022 17:40:24] Info: Found 0 BTEQ files
[12/20/2022 17:40:24] Info: Found 0 FastLoad files
[12/20/2022 17:40:24] Info: Found 0 MultiLoad files
[12/20/2022 17:40:24] Info: Found 0 TPT files
[12/20/2022 17:40:24] Info: Found 0 TPump files
[12/20/2022 17:40:24] Info: Starting the parsing process of 3 files with 6.05KB of code, this might take a while...
[12/20/2022 17:40:24] Info: Step 1/7 - Loading Code: STARTED
[12/20/2022 17:40:27] Error: There are 10 parsing errors in the file /tmp/Repo-3919d0f6-9121-4d99-8a9a-e9a5faa0618d/Sources/CLI_TSQL/Source_Code.sql
[12/20/2022 17:40:27] Error: Source_Code.sql(4, 4): ** MSC-ERROR - MSCEWI1001 - UNRECOGNIZED TOKEN ON LINE 4 OF THE SOURCE CODE. ** 
[12/20/2022 17:40:27] Error: Source_Code.sql(5, 4): ** MSC-ERROR - MSCEWI1001 - UNRECOGNIZED TOKEN ON LINE 5 OF THE SOURCE CODE. ** 
[12/20/2022 17:40:27] Error: Source_Code.sql(6, 4): ** MSC-ERROR - MSCEWI1001 - UNRECOGNIZED TOKEN ON LINE 6 OF THE SOURCE CODE. ** 
[12/20/2022 17:40:27] Error: Source_Code.sql(7, 4): ** MSC-ERROR - MSCEWI1001 - UNRECOGNIZED TOKEN ON LINE 7 OF THE SOURCE CODE. ** 
[12/20/2022 17:40:27] Error: Source_Code.sql(8, 4): ** MSC-ERROR - MSCEWI1001 - UNRECOGNIZED TOKEN ON LINE 8 OF THE SOURCE CODE. ** 
[12/20/2022 17:40:27] Error: Source_Code.sql(22, 1): ** MSC-ERROR - MSCEWI1001 - UNRECOGNIZED TOKEN ON LINE 22 OF THE SOURCE CODE. ** 
[12/20/2022 17:40:27] Error: Source_Code.sql(28, 1): ** MSC-ERROR - MSCEWI1001 - UNRECOGNIZED TOKEN ON LINE 28 OF THE SOURCE CODE. ** 
[12/20/2022 17:40:27] Error: Source_Code.sql(37, 1): ** MSC-ERROR - MSCEWI1001 - UNRECOGNIZED TOKEN ON LINE 37 OF THE SOURCE CODE. ** 
[12/20/2022 17:40:27] Error: Source_Code.sql(43, 1): ** MSC-ERROR - MSCEWI1001 - UNRECOGNIZED TOKEN ON LINE 43 OF THE SOURCE CODE. ** 
[12/20/2022 17:40:27] Error: Source_Code.sql(54, 1): ** MSC-ERROR - MSCEWI1001 - UNRECOGNIZED TOKEN ON LINE 54 OF THE SOURCE CODE. ** 
[12/20/2022 17:40:27] Error: There are 7 parsing errors in the file /tmp/Repo-3919d0f6-9121-4d99-8a9a-e9a5faa0618d/Sources/CLI_Ora/Source_Code.sql
[12/20/2022 17:40:27] Error: Source_Code.sql(4, 3): ** MSC-ERROR - MSCEWI1001 - UNRECOGNIZED TOKEN ON LINE 4 OF THE SOURCE CODE. ** 
[12/20/2022 17:40:27] Error: Source_Code.sql(28, 1): ** MSC-ERROR - MSCEWI1001 - UNRECOGNIZED TOKEN ON LINE 28 OF THE SOURCE CODE. ** 
[12/20/2022 17:40:27] Error: Source_Code.sql(38, 1): ** MSC-ERROR - MSCEWI1001 - UNRECOGNIZED TOKEN ON LINE 38 OF THE SOURCE CODE. ** 
[12/20/2022 17:40:27] Error: Source_Code.sql(39, 1): ** MSC-ERROR - MSCEWI1001 - UNRECOGNIZED TOKEN ON LINE 39 OF THE SOURCE CODE. ** 
[12/20/2022 17:40:27] Error: Source_Code.sql(45, 1): ** MSC-ERROR - MSCEWI1001 - UNRECOGNIZED TOKEN ON LINE 45 OF THE SOURCE CODE. ** 
[12/20/2022 17:40:27] Error: Source_Code.sql(60, 1): ** MSC-ERROR - MSCEWI1001 - UNRECOGNIZED TOKEN ON LINE 60 OF THE SOURCE CODE. ** 
[12/20/2022 17:40:27] Error: Source_Code.sql(61, 1): ** MSC-ERROR - MSCEWI1001 - UNRECOGNIZED TOKEN ON LINE 61 OF THE SOURCE CODE. ** 
[12/20/2022 17:40:27] Info: Step 1/7 - Loading Code: COMPLETED
[12/20/2022 17:40:28] Debug: TaskParam transformationVisitors = Value is not created.
[12/20/2022 17:40:28] Debug: TaskParam sourceLanguage = Teradata
[12/20/2022 17:40:28] Debug: TaskParam symbolTableProvider = Value is not created.
[12/20/2022 17:40:28] Debug: TaskParam assessmentConfiguration = Mobilize.Snow.Assessment.AssessmentConfigurationProvider
[12/20/2022 17:40:28] Debug: TaskParam taskExecutionHandler = Mobilize.Snow.Common.TaskExecutionHandler
[12/20/2022 17:40:28] Debug: TaskParam SymbolTableFillingTask.Input = /tmp/Repo-3919d0f6-9121-4d99-8a9a-e9a5faa0618d/Sources/input.wsp
[12/20/2022 17:40:28] Debug: TaskParam workingSet = Artinsoft.Common.Store.RepositoryWorkingSet`2[System.String,Artinsoft.Common.Store.IItemContainer]
[12/20/2022 17:40:28] Debug: TaskParam SymbolTableFillingTask.ItemMedatada = Artinsoft.Common.Store.ItemMetadata
[12/20/2022 17:40:28] Debug: TaskParam SymbolTableFillingTask.Enabled = True
[12/20/2022 17:40:28] Debug: TaskParam Repository = Artinsoft.Common.Store.Repository
[12/20/2022 17:40:28] Debug: TaskParam RepositoryDirectory = /tmp/Output-3919d0f6-9121-4d99-8a9a-e9a5faa0618d/.mobilize/CommonEF
[12/20/2022 17:40:28] Info: Step 2/7 - Semantic Analysis of Tables: STARTED
[12/20/2022 17:40:28] Info: Step 2/7 - Semantic Analysis of Tables: COMPLETED
[12/20/2022 17:40:28] Debug: TaskParam transformationVisitors = Artinsoft.Common.Tools.Transform.TransformationVisitors
[12/20/2022 17:40:28] Debug: TaskParam sourceLanguage = Teradata
[12/20/2022 17:40:28] Debug: TaskParam symbolTableProvider = Mobilize.Snow.Common.SymbolTableProvider
[12/20/2022 17:40:28] Debug: TaskParam assessmentConfiguration = Mobilize.Snow.Assessment.AssessmentConfigurationProvider
[12/20/2022 17:40:28] Debug: TaskParam taskExecutionHandler = Mobilize.Snow.Common.TaskExecutionHandler
[12/20/2022 17:40:28] Debug: TaskParam SymbolTableFillingSecondTask.Input = /tmp/Repo-3919d0f6-9121-4d99-8a9a-e9a5faa0618d/Sources/input.wsp
[12/20/2022 17:40:28] Debug: TaskParam workingSet = Artinsoft.Common.Store.RepositoryWorkingSet`2[System.String,Artinsoft.Common.Store.IItemContainer]
[12/20/2022 17:40:28] Debug: TaskParam SymbolTableFillingSecondTask.ItemMedatada = Artinsoft.Common.Store.ItemMetadata
[12/20/2022 17:40:28] Debug: TaskParam SymbolTableFillingSecondTask.Enabled = True
[12/20/2022 17:40:28] Debug: TaskParam Repository = Artinsoft.Common.Store.Repository
[12/20/2022 17:40:28] Debug: TaskParam RepositoryDirectory = /tmp/Output-3919d0f6-9121-4d99-8a9a-e9a5faa0618d/.mobilize/CommonEF
[12/20/2022 17:40:28] Info: Step 3/7 - Semantic Analysis of Top Level Objects: STARTED
[12/20/2022 17:40:28] Info: Step 3/7 - Semantic Analysis of Top Level Objects: COMPLETED
[12/20/2022 17:40:28] Debug: TaskParam inputPath = /tmp/Repo-3919d0f6-9121-4d99-8a9a-e9a5faa0618d/Sources
[12/20/2022 17:40:28] Debug: TaskParam transformationVisitors = Artinsoft.Common.Tools.Transform.TransformationVisitors
[12/20/2022 17:40:28] Debug: TaskParam symbolTableProvider = Mobilize.Snow.Common.SymbolTableProvider
[12/20/2022 17:40:28] Debug: TaskParam FunctionDependenciesGraphs = 
[12/20/2022 17:40:28] Debug: TaskParam sourceLanguage = Teradata
[12/20/2022 17:40:28] Debug: TaskParam assessmentConfiguration = Mobilize.Snow.Assessment.AssessmentConfigurationProvider
[12/20/2022 17:40:28] Debug: TaskParam taskExecutionHandler = Mobilize.Snow.Common.TaskExecutionHandler
[12/20/2022 17:40:28] Debug: TaskParam DependenciesExtractorTask.Input = /tmp/Repo-3919d0f6-9121-4d99-8a9a-e9a5faa0618d/Sources/input.wsp
[12/20/2022 17:40:28] Debug: TaskParam workingSet = Artinsoft.Common.Store.RepositoryWorkingSet`2[System.String,Artinsoft.Common.Store.IItemContainer]
[12/20/2022 17:40:28] Debug: TaskParam DependenciesExtractorTask.ItemMedatada = Artinsoft.Common.Store.ItemMetadata
[12/20/2022 17:40:28] Debug: TaskParam DependenciesExtractorTask.Enabled = True
[12/20/2022 17:40:28] Debug: TaskParam Repository = Artinsoft.Common.Store.Repository
[12/20/2022 17:40:28] Debug: TaskParam RepositoryDirectory = /tmp/Output-3919d0f6-9121-4d99-8a9a-e9a5faa0618d/.mobilize/CommonEF
[12/20/2022 17:40:28] Info: Step 4/7 - Analysis of object dependencies: STARTED
[12/20/2022 17:40:28] Info: Step 4/7 - Analysis of object dependencies: COMPLETED
[12/20/2022 17:40:28] Debug: TaskParam transformationVisitors = Artinsoft.Common.Tools.Transform.TransformationVisitors
[12/20/2022 17:40:28] Debug: TaskParam sourceLanguage = Teradata
[12/20/2022 17:40:28] Debug: TaskParam symbolTableProvider = Mobilize.Snow.Common.SymbolTableProvider
[12/20/2022 17:40:28] Debug: TaskParam userDefinedFunctionTargetTransformation = 
[12/20/2022 17:40:28] Debug: TaskParam SnowScript = False
[12/20/2022 17:40:28] Debug: TaskParam DependenciesGraphs = [/tmp/Repo-3919d0f6-9121-4d99-8a9a-e9a5faa0618d/Sources/CLI_TSQL/Source_Code.sql, Mobilize.Snow.Common.Utils.Graph.DirectedGraph], [/tmp/Repo-3919d0f6-9121-4d99-8a9a-e9a5faa0618d/Sources/CLI_T12/Source_Code.sql, Mobilize.Snow.Common.Utils.Graph.DirectedGraph], [/tmp/Repo-3919d0f6-9121-4d99-8a9a-e9a5faa0618d/Sources/CLI_Ora/Source_Code.sql, Mobilize.Snow.Common.Utils.Graph.DirectedGraph]
[12/20/2022 17:40:28] Debug: TaskParam taskExecutionHandler = Mobilize.Snow.Common.TaskExecutionHandler
[12/20/2022 17:40:28] Debug: TaskParam PreProcessTask.Input = /tmp/Repo-3919d0f6-9121-4d99-8a9a-e9a5faa0618d/Sources/input.wsp
[12/20/2022 17:40:28] Debug: TaskParam workingSet = Artinsoft.Common.Store.RepositoryWorkingSet`2[System.String,Artinsoft.Common.Store.IItemContainer]
[12/20/2022 17:40:28] Debug: TaskParam PreProcessTask.ItemMedatada = Artinsoft.Common.Store.ItemMetadata
[12/20/2022 17:40:28] Debug: TaskParam PreProcessTask.Enabled = True
[12/20/2022 17:40:28] Debug: TaskParam Repository = Artinsoft.Common.Store.Repository
[12/20/2022 17:40:28] Debug: TaskParam RepositoryDirectory = /tmp/Output-3919d0f6-9121-4d99-8a9a-e9a5faa0618d/.mobilize/CommonEF
[12/20/2022 17:40:28] Info: Step 5/7 - Pre-Processing: STARTED
[12/20/2022 17:40:28] Info: Step 5/7 - Pre-Processing: COMPLETED
[12/20/2022 17:40:28] Debug: TaskParam transformationVisitors = Artinsoft.Common.Tools.Transform.TransformationVisitors
[12/20/2022 17:40:28] Debug: TaskParam sourceLanguage = Teradata
[12/20/2022 17:40:28] Debug: TaskParam symbolTableProvider = Mobilize.Snow.Common.SymbolTableProvider
[12/20/2022 17:40:28] Debug: TaskParam userDefinedFunctionTargetTransformation = 
[12/20/2022 17:40:28] Debug: TaskParam executeT12AssessmentMode = False
[12/20/2022 17:40:28] Debug: TaskParam taskExecutionHandler = Mobilize.Snow.Common.TaskExecutionHandler
[12/20/2022 17:40:28] Debug: TaskParam PreConversionAssessmentTask.Input = /tmp/Repo-3919d0f6-9121-4d99-8a9a-e9a5faa0618d/Sources/input.wsp
[12/20/2022 17:40:28] Debug: TaskParam workingSet = Artinsoft.Common.Store.RepositoryWorkingSet`2[System.String,Artinsoft.Common.Store.IItemContainer]
[12/20/2022 17:40:28] Debug: TaskParam PreConversionAssessmentTask.ItemMedatada = Artinsoft.Common.Store.ItemMetadata
[12/20/2022 17:40:28] Debug: TaskParam PreConversionAssessmentTask.Enabled = True
[12/20/2022 17:40:28] Debug: TaskParam Repository = Artinsoft.Common.Store.Repository
[12/20/2022 17:40:28] Debug: TaskParam RepositoryDirectory = /tmp/Output-3919d0f6-9121-4d99-8a9a-e9a5faa0618d/.mobilize/CommonEF
[12/20/2022 17:40:28] Debug: TaskParam transformationVisitors = Artinsoft.Common.Tools.Transform.TransformationVisitors
[12/20/2022 17:40:28] Debug: TaskParam sourceLanguage = Teradata
[12/20/2022 17:40:28] Debug: TaskParam LineageInventory = Mobilize.Snow.Assessment.LineageInventory
[12/20/2022 17:40:28] Debug: TaskParam reportPath = /tmp/Output-3919d0f6-9121-4d99-8a9a-e9a5faa0618d/Reports
[12/20/2022 17:40:28] Debug: TaskParam SessionTimestamp = 20221220.174017
[12/20/2022 17:40:28] Debug: TaskParam codeModelWriter = Mobilize.Common.AssessmentModel.Writer.CodeModelWriter
[12/20/2022 17:40:28] Debug: TaskParam symbolTableProvider = Mobilize.Snow.Common.SymbolTableProvider
[12/20/2022 17:40:28] Debug: TaskParam ExecuteOracleLineage = False
[12/20/2022 17:40:28] Debug: TaskParam assessmentConfiguration = Mobilize.Snow.Assessment.AssessmentConfigurationProvider
[12/20/2022 17:40:28] Debug: TaskParam LineageTask.Input = /tmp/Repo-3919d0f6-9121-4d99-8a9a-e9a5faa0618d/Sources/input.wsp
[12/20/2022 17:40:28] Debug: TaskParam workingSet = Artinsoft.Common.Store.RepositoryWorkingSet`2[System.String,Artinsoft.Common.Store.IItemContainer]
[12/20/2022 17:40:28] Debug: TaskParam LineageTask.ItemMedatada = Artinsoft.Common.Store.ItemMetadata
[12/20/2022 17:40:28] Debug: TaskParam LineageTask.Enabled = True
[12/20/2022 17:40:28] Debug: TaskParam Repository = Artinsoft.Common.Store.Repository
[12/20/2022 17:40:28] Debug: TaskParam RepositoryDirectory = /tmp/Output-3919d0f6-9121-4d99-8a9a-e9a5faa0618d/.mobilize/CommonEF
[12/20/2022 17:40:28] Debug: TaskParam assessmentSummaryInventory = Mobilize.Snow.Assessment.AssessmentSummaryInventory
[12/20/2022 17:40:28] Debug: TaskParam assessmentSetup = Value is not created.
[12/20/2022 17:40:28] Debug: TaskParam CustomDatabaseName = 
[12/20/2022 17:40:28] Debug: TaskParam CustomSchemaName = PUBLIC
[12/20/2022 17:40:28] Debug: TaskParam castTransformationObject = Mobilize.Snow.Common.T12.CastTransformationObject
[12/20/2022 17:40:28] Debug: TaskParam commentIfMissingDependencies = False
[12/20/2022 17:40:28] Debug: TaskParam DependenciesGraphs = [/tmp/Repo-3919d0f6-9121-4d99-8a9a-e9a5faa0618d/Sources/CLI_TSQL/Source_Code.sql, Mobilize.Snow.Common.Utils.Graph.DirectedGraph], [/tmp/Repo-3919d0f6-9121-4d99-8a9a-e9a5faa0618d/Sources/CLI_T12/Source_Code.sql, Mobilize.Snow.Common.Utils.Graph.DirectedGraph], [/tmp/Repo-3919d0f6-9121-4d99-8a9a-e9a5faa0618d/Sources/CLI_Ora/Source_Code.sql, Mobilize.Snow.Common.Utils.Graph.DirectedGraph]
[12/20/2022 17:40:28] Debug: TaskParam FunctionDependenciesGraphs = [/tmp/Repo-3919d0f6-9121-4d99-8a9a-e9a5faa0618d/Sources/CLI_TSQL/Source_Code.sql, Mobilize.Snow.Common.Utils.Graph.FunctionDependenciesGraph], [/tmp/Repo-3919d0f6-9121-4d99-8a9a-e9a5faa0618d/Sources/CLI_T12/Source_Code.sql, Mobilize.Snow.Common.Utils.Graph.FunctionDependenciesGraph], [/tmp/Repo-3919d0f6-9121-4d99-8a9a-e9a5faa0618d/Sources/CLI_Ora/Source_Code.sql, Mobilize.Snow.Common.Utils.Graph.FunctionDependenciesGraph]
[12/20/2022 17:40:28] Debug: TaskParam detailsInventory = Mobilize.Snow.Assessment.DetailsInventory
[12/20/2022 17:40:28] Debug: TaskParam unsupportedInventory = Mobilize.Snow.Assessment.UnsupportedInventory
[12/20/2022 17:40:28] Debug: TaskParam inputPath = /tmp/Repo-3919d0f6-9121-4d99-8a9a-e9a5faa0618d/Sources
[12/20/2022 17:40:28] Debug: TaskParam inventory = Mobilize.Snow.Assessment.SqlObjectsInventory
[12/20/2022 17:40:28] Debug: TaskParam issueInventory = Value is not created.
[12/20/2022 17:40:28] Debug: TaskParam Mappings = Mobilize.Snow.ConversionTool.Mapper.SnowFlakeMappingsContainer
[12/20/2022 17:40:28] Debug: TaskParam outputPath = /tmp/Output-3919d0f6-9121-4d99-8a9a-e9a5faa0618d/Output
[12/20/2022 17:40:28] Debug: TaskParam symbolTableProvider = Mobilize.Snow.Common.SymbolTableProvider
[12/20/2022 17:40:28] Debug: TaskParam transformationVisitors = Artinsoft.Common.Tools.Transform.TransformationVisitors
[12/20/2022 17:40:28] Debug: TaskParam sourceLanguage = Teradata
[12/20/2022 17:40:28] Debug: TaskParam stubManager = Mobilize.Snow.Common.Utils.StubGenerationManager
[12/20/2022 17:40:28] Debug: TaskParam UDFManager = Mobilize.Snow.Common.UdfManager
[12/20/2022 17:40:28] Debug: TaskParam DbObjectFilesManager = Mobilize.Snow.Common.DatabaseObjectFilesManager
[12/20/2022 17:40:28] Debug: TaskParam assessmentEwiCalculator = Value is not created.
[12/20/2022 17:40:28] Debug: TaskParam locationService = Value is not created.
[12/20/2022 17:40:28] Debug: TaskParam parsingErrorMessageCustomizer = Value is not created.
[12/20/2022 17:40:28] Debug: TaskParam ewiInformation = Value is not created.
[12/20/2022 17:40:28] Debug: TaskParam assessmentConfiguration = Mobilize.Snow.Assessment.AssessmentConfigurationProvider
[12/20/2022 17:40:28] Debug: TaskParam DisableSynonym = False
[12/20/2022 17:40:28] Debug: TaskParam DisablePackagesAsSchemas = False
[12/20/2022 17:40:28] Debug: TaskParam codeModelWriter = Mobilize.Common.AssessmentModel.Writer.CodeModelWriter
[12/20/2022 17:40:28] Debug: TaskParam ReplaceDeleteAllToTruncate = False
[12/20/2022 17:40:28] Debug: TaskParam useDatabase = False
[12/20/2022 17:40:28] Debug: TaskParam userDefinedFunctionTargetTransformation = 
[12/20/2022 17:40:28] Debug: TaskParam SnowScript = False
[12/20/2022 17:40:28] Debug: TaskParam splitPeriodDataType = False
[12/20/2022 17:40:28] Debug: TaskParam executeT12AssessmentMode = False
[12/20/2022 17:40:28] Debug: TaskParam processingProgressDescriptor = Mobilize.Common.Utils.Progress.SingleProgressDescriptor
[12/20/2022 17:40:28] Debug: TaskParam ExecutionModeValue = Conversion
[12/20/2022 17:40:28] Debug: TaskParam assessmentFileCalculator = Mobilize.Snow.Assessment.AssessmentFileCalculator
[12/20/2022 17:40:28] Debug: TaskParam taskExecutionHandler = Mobilize.Snow.Common.TaskExecutionHandler
[12/20/2022 17:40:28] Debug: TaskParam TransformationsTask.Input = /tmp/Repo-3919d0f6-9121-4d99-8a9a-e9a5faa0618d/Sources/input.wsp
[12/20/2022 17:40:28] Debug: TaskParam workingSet = Artinsoft.Common.Store.RepositoryWorkingSet`2[System.String,Artinsoft.Common.Store.IItemContainer]
[12/20/2022 17:40:28] Debug: TaskParam TransformationsTask.ItemMedatada = Artinsoft.Common.Store.ItemMetadata
[12/20/2022 17:40:28] Debug: TaskParam TransformationsTask.Enabled = True
[12/20/2022 17:40:28] Debug: TaskParam Repository = Artinsoft.Common.Store.Repository
[12/20/2022 17:40:28] Debug: TaskParam RepositoryDirectory = /tmp/Output-3919d0f6-9121-4d99-8a9a-e9a5faa0618d/.mobilize/CommonEF
[12/20/2022 17:40:28] Info: Step 6/7 - Conversion Execution: STARTED
[12/20/2022 17:40:28] Info: Start transforming file Source_Code.sql
[12/20/2022 17:40:28] Info: Start transforming file Source_Code.sql
[12/20/2022 17:40:29] Info: Transformed file Source_Code.sql
[12/20/2022 17:40:29] Info: Start transforming file Source_Code.sql
[12/20/2022 17:40:29] Info: Transformed file Source_Code.sql
[12/20/2022 17:40:29] Info: Transformed file Source_Code.sql
[12/20/2022 17:40:29] Info: Step 6/7 - Conversion Execution: COMPLETED
[12/20/2022 17:40:29] Debug: TaskParam CustomSchemaName = PUBLIC
[12/20/2022 17:40:29] Debug: TaskParam coverage = 0
[12/20/2022 17:40:29] Debug: TaskParam inventory = Mobilize.Snow.Assessment.SqlObjectsInventory
[12/20/2022 17:40:29] Debug: TaskParam unsupportedInventory = Mobilize.Snow.Assessment.UnsupportedInventory
[12/20/2022 17:40:29] Debug: TaskParam issueInventory = Mobilize.Snow.Assessment.IssueInventory
[12/20/2022 17:40:29] Debug: TaskParam detailsInventory = Mobilize.Snow.Assessment.DetailsInventory
[12/20/2022 17:40:29] Debug: TaskParam assessmentSummaryInventory = Mobilize.Snow.Assessment.AssessmentSummaryInventory
[12/20/2022 17:40:29] Debug: TaskParam SnowScript = False
[12/20/2022 17:40:29] Debug: TaskParam reportPath = /tmp/Output-3919d0f6-9121-4d99-8a9a-e9a5faa0618d/Reports
[12/20/2022 17:40:29] Debug: TaskParam totalProcessedLOC = 0
[12/20/2022 17:40:29] Debug: TaskParam inputPath = /tmp/Repo-3919d0f6-9121-4d99-8a9a-e9a5faa0618d/Sources
[12/20/2022 17:40:29] Debug: TaskParam SessionTimestamp = 20221220.174017
[12/20/2022 17:40:29] Debug: TaskParam snowConfiguration = Mobilize.BDS.Converter.SnowConvert.Configuration.SnowCodeProcessorConfiguration
[12/20/2022 17:40:29] Debug: TaskParam outputPath = /tmp/Output-3919d0f6-9121-4d99-8a9a-e9a5faa0618d/Output
[12/20/2022 17:40:29] Debug: TaskParam stubManager = Mobilize.Snow.Common.Utils.StubGenerationManager
[12/20/2022 17:40:29] Debug: TaskParam UDFManager = Mobilize.Snow.Common.UdfManager
[12/20/2022 17:40:29] Debug: TaskParam DashboardMode = False
[12/20/2022 17:40:29] Debug: TaskParam sourceLanguage = Teradata
[12/20/2022 17:40:29] Debug: TaskParam writeResultsProgressDescriptor = Mobilize.Common.Utils.Progress.SingleProgressDescriptor
[12/20/2022 17:40:29] Debug: TaskParam snowExecutionResult = Mobilize.Snow.Assessment.SnowExecutionResult
[12/20/2022 17:40:29] Debug: TaskParam executeT12AssessmentMode = False
[12/20/2022 17:40:29] Debug: TaskParam assessmentConfiguration = Mobilize.Snow.Assessment.AssessmentConfigurationProvider
[12/20/2022 17:40:29] Debug: TaskParam ewiFormatter = Value is not created.
[12/20/2022 17:40:29] Debug: TaskParam ewiInformation = Mobilize.Snow.Issues.EwiInformationService
[12/20/2022 17:40:29] Debug: TaskParam locationService = Mobilize.Snow.Common.LocationService
[12/20/2022 17:40:29] Debug: TaskParam assessmentEwiCalculator = Mobilize.Snow.Assessment.AssessmentEwiCalculator
[12/20/2022 17:40:29] Debug: TaskParam assessmentOverallCalculator = Mobilize.Snow.Assessment.AssessmentOverallCalculator
[12/20/2022 17:40:29] Debug: TaskParam assessmentFileCalculator = Mobilize.Snow.Assessment.AssessmentFileCalculator
[12/20/2022 17:40:29] Debug: TaskParam assessmentExtensibilityCalculator = Value is not created.
[12/20/2022 17:40:29] Debug: TaskParam taskExecutionHandler = Mobilize.Snow.Common.TaskExecutionHandler
[12/20/2022 17:40:29] Debug: TaskParam taskTimeCalculator = Value is not created.
[12/20/2022 17:40:29] Debug: TaskParam ExecutionModeValue = Conversion
[12/20/2022 17:40:29] Debug: TaskParam ConversionEndTask.Input = /tmp/Repo-3919d0f6-9121-4d99-8a9a-e9a5faa0618d/Sources/input.wsp
[12/20/2022 17:40:29] Debug: TaskParam workingSet = Artinsoft.Common.Store.RepositoryWorkingSet`2[System.String,Artinsoft.Common.Store.IItemContainer]
[12/20/2022 17:40:29] Debug: TaskParam ConversionEndTask.ItemMedatada = Artinsoft.Common.Store.ItemMetadata
[12/20/2022 17:40:29] Debug: TaskParam ConversionEndTask.Enabled = True
[12/20/2022 17:40:29] Debug: TaskParam Repository = Artinsoft.Common.Store.Repository
[12/20/2022 17:40:29] Debug: TaskParam RepositoryDirectory = /tmp/Output-3919d0f6-9121-4d99-8a9a-e9a5faa0618d/.mobilize/CommonEF
[12/20/2022 17:40:29] Info: Step 7/7 - Stats and Reports: STARTED
[12/20/2022 17:40:30] Info: 
	==============================================================================
	SnowConvert assessment execution summary
	 - Files: 3
	 - Files Not Generated: 0
	 - Total lines of code: 130
	 - Automatically converted: 47%
	 - Conversion time: 00:00:05
	 - Conversion speed: 24 lines of code per second
	See the report files for more details about the conversion status.
	==============================================================================

[12/20/2022 17:40:30] Info: 
	==============================================================================
	LICENSE
	SnowConvert Tool.
	Production use or redistribution of tool or its output is strictly prohibited.
	Copyright (c) Mobilize.Net Corporation, 2021.
	For more License Terms and Conditions run SnowConvert with --terms.
	==============================================================================

[12/20/2022 17:40:30] Info: Writing the assessment reports
[12/20/2022 17:40:32] Info: Step 7/7 - Stats and Reports: COMPLETED
[12/20/2022 17:40:32] Info: EFProcess 638071548246551261 ended. Excecution time: 00:00:07.3705982
